-------------------------------------------------------------------------------
Test set: com.umpay.test.bdd.payments.ValidOrderParametersFixture
-------------------------------------------------------------------------------
Tests run: 1, Failures: 1, Errors: 0, Skipped: 0, Time elapsed: 0 sec <<< FAILURE! - in com.umpay.test.bdd.payments.ValidOrderParametersFixture
example 1(com.umpay.test.bdd.payments.ValidOrderParametersFixture)  Time elapsed: 0 sec  <<< FAILURE!
org.concordion.internal.ConcordionAssertionError: Specification has exception(s). See output HTML for details.

